<?xml version="1.0" encoding="UTF-8"?>
<testsuite xmlns:xsi="http://www.w3.org/2001/XMLSchema-instance" xsi:noNamespaceSchemaLocation="https://maven.apache.org/surefire/maven-surefire-plugin/xsd/surefire-test-report-3.0.xsd" version="3.0" name="TestSuite" time="1174.038" tests="24" errors="0" skipped="0" failures="0">
  <properties>
    <property name="java.specification.version" value="17"/>
    <property name="sun.cpu.isalist" value="amd64"/>
    <property name="sun.jnu.encoding" value="Cp1252"/>
    <property name="java.class.path" value="C:\Users\2303838\HackathonProject\CourseeraProject\target\test-classes;C:\Users\2303838\HackathonProject\CourseeraProject\target\classes;C:\Users\2303838\.m2\repository\org\seleniumhq\selenium\selenium-java\4.17.0\selenium-java-4.17.0.jar;C:\Users\2303838\.m2\repository\org\seleniumhq\selenium\selenium-api\4.17.0\selenium-api-4.17.0.jar;C:\Users\2303838\.m2\repository\org\seleniumhq\selenium\selenium-chrome-driver\4.17.0\selenium-chrome-driver-4.17.0.jar;C:\Users\2303838\.m2\repository\com\google\auto\service\auto-service-annotations\1.1.1\auto-service-annotations-1.1.1.jar;C:\Users\2303838\.m2\repository\org\seleniumhq\selenium\selenium-chromium-driver\4.17.0\selenium-chromium-driver-4.17.0.jar;C:\Users\2303838\.m2\repository\org\seleniumhq\selenium\selenium-json\4.17.0\selenium-json-4.17.0.jar;C:\Users\2303838\.m2\repository\org\seleniumhq\selenium\selenium-manager\4.17.0\selenium-manager-4.17.0.jar;C:\Users\2303838\.m2\repository\org\seleniumhq\selenium\selenium-devtools-v119\4.17.0\selenium-devtools-v119-4.17.0.jar;C:\Users\2303838\.m2\repository\org\seleniumhq\selenium\selenium-devtools-v120\4.17.0\selenium-devtools-v120-4.17.0.jar;C:\Users\2303838\.m2\repository\org\seleniumhq\selenium\selenium-devtools-v121\4.17.0\selenium-devtools-v121-4.17.0.jar;C:\Users\2303838\.m2\repository\org\seleniumhq\selenium\selenium-devtools-v85\4.17.0\selenium-devtools-v85-4.17.0.jar;C:\Users\2303838\.m2\repository\org\seleniumhq\selenium\selenium-edge-driver\4.17.0\selenium-edge-driver-4.17.0.jar;C:\Users\2303838\.m2\repository\org\seleniumhq\selenium\selenium-firefox-driver\4.17.0\selenium-firefox-driver-4.17.0.jar;C:\Users\2303838\.m2\repository\org\seleniumhq\selenium\selenium-http\4.17.0\selenium-http-4.17.0.jar;C:\Users\2303838\.m2\repository\dev\failsafe\failsafe\3.3.2\failsafe-3.3.2.jar;C:\Users\2303838\.m2\repository\org\seleniumhq\selenium\selenium-ie-driver\4.17.0\selenium-ie-driver-4.17.0.jar;C:\Users\2303838\.m2\repository\org\seleniumhq\selenium\selenium-remote-driver\4.17.0\selenium-remote-driver-4.17.0.jar;C:\Users\2303838\.m2\repository\com\google\guava\guava\33.0.0-jre\guava-33.0.0-jre.jar;C:\Users\2303838\.m2\repository\com\google\guava\failureaccess\1.0.2\failureaccess-1.0.2.jar;C:\Users\2303838\.m2\repository\com\google\guava\listenablefuture\9999.0-empty-to-avoid-conflict-with-guava\listenablefuture-9999.0-empty-to-avoid-conflict-with-guava.jar;C:\Users\2303838\.m2\repository\com\google\code\findbugs\jsr305\3.0.2\jsr305-3.0.2.jar;C:\Users\2303838\.m2\repository\org\checkerframework\checker-qual\3.41.0\checker-qual-3.41.0.jar;C:\Users\2303838\.m2\repository\com\google\errorprone\error_prone_annotations\2.23.0\error_prone_annotations-2.23.0.jar;C:\Users\2303838\.m2\repository\com\google\j2objc\j2objc-annotations\2.8\j2objc-annotations-2.8.jar;C:\Users\2303838\.m2\repository\io\opentelemetry\semconv\opentelemetry-semconv\1.23.1-alpha\opentelemetry-semconv-1.23.1-alpha.jar;C:\Users\2303838\.m2\repository\io\opentelemetry\opentelemetry-api\1.34.1\opentelemetry-api-1.34.1.jar;C:\Users\2303838\.m2\repository\io\opentelemetry\opentelemetry-context\1.34.1\opentelemetry-context-1.34.1.jar;C:\Users\2303838\.m2\repository\io\opentelemetry\opentelemetry-exporter-logging\1.34.1\opentelemetry-exporter-logging-1.34.1.jar;C:\Users\2303838\.m2\repository\io\opentelemetry\opentelemetry-sdk-common\1.34.1\opentelemetry-sdk-common-1.34.1.jar;C:\Users\2303838\.m2\repository\io\opentelemetry\opentelemetry-sdk-extension-autoconfigure-spi\1.34.1\opentelemetry-sdk-extension-autoconfigure-spi-1.34.1.jar;C:\Users\2303838\.m2\repository\io\opentelemetry\opentelemetry-sdk-extension-autoconfigure\1.34.1\opentelemetry-sdk-extension-autoconfigure-1.34.1.jar;C:\Users\2303838\.m2\repository\io\opentelemetry\opentelemetry-api-events\1.34.1-alpha\opentelemetry-api-events-1.34.1-alpha.jar;C:\Users\2303838\.m2\repository\io\opentelemetry\opentelemetry-sdk-trace\1.34.1\opentelemetry-sdk-trace-1.34.1.jar;C:\Users\2303838\.m2\repository\io\opentelemetry\opentelemetry-sdk\1.34.1\opentelemetry-sdk-1.34.1.jar;C:\Users\2303838\.m2\repository\io\opentelemetry\opentelemetry-sdk-metrics\1.34.1\opentelemetry-sdk-metrics-1.34.1.jar;C:\Users\2303838\.m2\repository\io\opentelemetry\opentelemetry-extension-incubator\1.34.1-alpha\opentelemetry-extension-incubator-1.34.1-alpha.jar;C:\Users\2303838\.m2\repository\io\opentelemetry\opentelemetry-sdk-logs\1.34.1\opentelemetry-sdk-logs-1.34.1.jar;C:\Users\2303838\.m2\repository\net\bytebuddy\byte-buddy\1.14.11\byte-buddy-1.14.11.jar;C:\Users\2303838\.m2\repository\org\seleniumhq\selenium\selenium-os\4.17.0\selenium-os-4.17.0.jar;C:\Users\2303838\.m2\repository\org\apache\commons\commons-exec\1.3\commons-exec-1.3.jar;C:\Users\2303838\.m2\repository\org\seleniumhq\selenium\selenium-safari-driver\4.17.0\selenium-safari-driver-4.17.0.jar;C:\Users\2303838\.m2\repository\org\seleniumhq\selenium\selenium-support\4.17.0\selenium-support-4.17.0.jar;C:\Users\2303838\.m2\repository\io\github\bonigarcia\webdrivermanager\5.6.3\webdrivermanager-5.6.3.jar;C:\Users\2303838\.m2\repository\org\slf4j\slf4j-api\2.0.10\slf4j-api-2.0.10.jar;C:\Users\2303838\.m2\repository\com\google\code\gson\gson\2.10.1\gson-2.10.1.jar;C:\Users\2303838\.m2\repository\com\github\docker-java\docker-java\3.3.4\docker-java-3.3.4.jar;C:\Users\2303838\.m2\repository\com\github\docker-java\docker-java-core\3.3.4\docker-java-core-3.3.4.jar;C:\Users\2303838\.m2\repository\com\github\docker-java\docker-java-api\3.3.4\docker-java-api-3.3.4.jar;C:\Users\2303838\.m2\repository\com\fasterxml\jackson\core\jackson-annotations\2.10.3\jackson-annotations-2.10.3.jar;C:\Users\2303838\.m2\repository\com\fasterxml\jackson\core\jackson-databind\2.10.3\jackson-databind-2.10.3.jar;C:\Users\2303838\.m2\repository\com\fasterxml\jackson\core\jackson-core\2.10.3\jackson-core-2.10.3.jar;C:\Users\2303838\.m2\repository\org\bouncycastle\bcpkix-jdk18on\1.76\bcpkix-jdk18on-1.76.jar;C:\Users\2303838\.m2\repository\org\bouncycastle\bcprov-jdk18on\1.76\bcprov-jdk18on-1.76.jar;C:\Users\2303838\.m2\repository\org\bouncycastle\bcutil-jdk18on\1.76\bcutil-jdk18on-1.76.jar;C:\Users\2303838\.m2\repository\org\slf4j\jcl-over-slf4j\1.7.30\jcl-over-slf4j-1.7.30.jar;C:\Users\2303838\.m2\repository\com\github\docker-java\docker-java-transport-httpclient5\3.3.4\docker-java-transport-httpclient5-3.3.4.jar;C:\Users\2303838\.m2\repository\com\github\docker-java\docker-java-transport\3.3.4\docker-java-transport-3.3.4.jar;C:\Users\2303838\.m2\repository\net\java\dev\jna\jna\5.13.0\jna-5.13.0.jar;C:\Users\2303838\.m2\repository\org\brotli\dec\0.1.2\dec-0.1.2.jar;C:\Users\2303838\.m2\repository\org\apache\commons\commons-lang3\3.14.0\commons-lang3-3.14.0.jar;C:\Users\2303838\.m2\repository\org\apache\commons\commons-compress\1.25.0\commons-compress-1.25.0.jar;C:\Users\2303838\.m2\repository\org\apache\httpcomponents\client5\httpclient5\5.2.1\httpclient5-5.2.1.jar;C:\Users\2303838\.m2\repository\org\apache\httpcomponents\core5\httpcore5\5.2\httpcore5-5.2.jar;C:\Users\2303838\.m2\repository\org\apache\httpcomponents\core5\httpcore5-h2\5.2\httpcore5-h2-5.2.jar;C:\Users\2303838\.m2\repository\org\apache\poi\poi\5.2.5\poi-5.2.5.jar;C:\Users\2303838\.m2\repository\commons-codec\commons-codec\1.16.0\commons-codec-1.16.0.jar;C:\Users\2303838\.m2\repository\org\apache\commons\commons-collections4\4.4\commons-collections4-4.4.jar;C:\Users\2303838\.m2\repository\org\apache\commons\commons-math3\3.6.1\commons-math3-3.6.1.jar;C:\Users\2303838\.m2\repository\commons-io\commons-io\2.15.0\commons-io-2.15.0.jar;C:\Users\2303838\.m2\repository\com\zaxxer\SparseBitSet\1.3\SparseBitSet-1.3.jar;C:\Users\2303838\.m2\repository\org\apache\poi\poi-ooxml\5.2.5\poi-ooxml-5.2.5.jar;C:\Users\2303838\.m2\repository\org\apache\poi\poi-ooxml-lite\5.2.5\poi-ooxml-lite-5.2.5.jar;C:\Users\2303838\.m2\repository\org\apache\xmlbeans\xmlbeans\5.2.0\xmlbeans-5.2.0.jar;C:\Users\2303838\.m2\repository\com\github\virtuald\curvesapi\1.08\curvesapi-1.08.jar;C:\Users\2303838\.m2\repository\org\apache\logging\log4j\log4j-core\2.22.1\log4j-core-2.22.1.jar;C:\Users\2303838\.m2\repository\org\apache\logging\log4j\log4j-api\2.22.1\log4j-api-2.22.1.jar;C:\Users\2303838\.m2\repository\com\aventstack\extentreports\5.1.1\extentreports-5.1.1.jar;C:\Users\2303838\.m2\repository\io\reactivex\rxjava3\rxjava\3.1.6\rxjava-3.1.6.jar;C:\Users\2303838\.m2\repository\org\reactivestreams\reactive-streams\1.0.4\reactive-streams-1.0.4.jar;C:\Users\2303838\.m2\repository\org\freemarker\freemarker\2.3.32\freemarker-2.3.32.jar;C:\Users\2303838\.m2\repository\org\projectlombok\lombok\1.18.26\lombok-1.18.26.jar;C:\Users\2303838\.m2\repository\tech\grasshopper\extentreports-cucumber7-adapter\1.14.0\extentreports-cucumber7-adapter-1.14.0.jar;C:\Users\2303838\.m2\repository\tech\grasshopper\extent-pdf-report\2.12.0\extent-pdf-report-2.12.0.jar;C:\Users\2303838\.m2\repository\tech\grasshopper\cucumber-pdf-report\2.14.0\cucumber-pdf-report-2.14.0.jar;C:\Users\2303838\.m2\repository\org\apache\pdfbox\pdfbox\2.0.26\pdfbox-2.0.26.jar;C:\Users\2303838\.m2\repository\org\apache\pdfbox\fontbox\2.0.26\fontbox-2.0.26.jar;C:\Users\2303838\.m2\repository\org\knowm\xchart\xchart\3.8.0\xchart-3.8.0.jar;C:\Users\2303838\.m2\repository\de\erichseifert\vectorgraphics2d\VectorGraphics2D\0.13\VectorGraphics2D-0.13.jar;C:\Users\2303838\.m2\repository\de\rototor\pdfbox\graphics2d\0.30\graphics2d-0.30.jar;C:\Users\2303838\.m2\repository\com\madgag\animated-gif-lib\1.4\animated-gif-lib-1.4.jar;C:\Users\2303838\.m2\repository\org\yaml\snakeyaml\2.0\snakeyaml-2.0.jar;C:\Users\2303838\.m2\repository\tech\grasshopper\table-layout\1.5.1\table-layout-1.5.1.jar;C:\Users\2303838\.m2\repository\tech\grasshopper\rest-assured-cucumber-pdf-report\1.5.0\rest-assured-cucumber-pdf-report-1.5.0.jar;C:\Users\2303838\.m2\repository\org\jsoup\jsoup\1.15.3\jsoup-1.15.3.jar;C:\Users\2303838\.m2\repository\com\aventstack\klov-reporter\5.1.0\klov-reporter-5.1.0.jar;C:\Users\2303838\.m2\repository\org\mongodb\mongodb-driver\3.6.4\mongodb-driver-3.6.4.jar;C:\Users\2303838\.m2\repository\org\mongodb\mongodb-driver-core\3.6.4\mongodb-driver-core-3.6.4.jar;C:\Users\2303838\.m2\repository\org\mongodb\bson\3.6.4\bson-3.6.4.jar;C:\Users\2303838\.m2\repository\org\apache\httpcomponents\httpclient\4.5.13\httpclient-4.5.13.jar;C:\Users\2303838\.m2\repository\org\apache\httpcomponents\httpcore\4.4.13\httpcore-4.4.13.jar;C:\Users\2303838\.m2\repository\commons-logging\commons-logging\1.2\commons-logging-1.2.jar;C:\Users\2303838\.m2\repository\org\apache\httpcomponents\httpmime\4.5.13\httpmime-4.5.13.jar;C:\Users\2303838\.m2\repository\tech\grasshopper\htmlextentreporter\1.1.0\htmlextentreporter-1.1.0.jar;C:\Users\2303838\.m2\repository\tech\grasshopper\extent-excel-report\1.4.0\extent-excel-report-1.4.0.jar;C:\Users\2303838\.m2\repository\org\testng\testng\7.9.0\testng-7.9.0.jar;C:\Users\2303838\.m2\repository\com\beust\jcommander\1.82\jcommander-1.82.jar;C:\Users\2303838\.m2\repository\org\webjars\jquery\3.7.1\jquery-3.7.1.jar;C:\Users\2303838\.m2\repository\io\cucumber\cucumber-java\7.15.0\cucumber-java-7.15.0.jar;C:\Users\2303838\.m2\repository\io\cucumber\cucumber-core\7.15.0\cucumber-core-7.15.0.jar;C:\Users\2303838\.m2\repository\io\cucumber\cucumber-gherkin\7.15.0\cucumber-gherkin-7.15.0.jar;C:\Users\2303838\.m2\repository\io\cucumber\cucumber-gherkin-messages\7.15.0\cucumber-gherkin-messages-7.15.0.jar;C:\Users\2303838\.m2\repository\io\cucumber\gherkin\26.2.0\gherkin-26.2.0.jar;C:\Users\2303838\.m2\repository\io\cucumber\messages\22.0.0\messages-22.0.0.jar;C:\Users\2303838\.m2\repository\io\cucumber\tag-expressions\6.0.0\tag-expressions-6.0.0.jar;C:\Users\2303838\.m2\repository\io\cucumber\cucumber-expressions\17.0.1\cucumber-expressions-17.0.1.jar;C:\Users\2303838\.m2\repository\io\cucumber\datatable\7.15.0\datatable-7.15.0.jar;C:\Users\2303838\.m2\repository\io\cucumber\cucumber-plugin\7.15.0\cucumber-plugin-7.15.0.jar;C:\Users\2303838\.m2\repository\io\cucumber\docstring\7.15.0\docstring-7.15.0.jar;C:\Users\2303838\.m2\repository\io\cucumber\html-formatter\20.4.0\html-formatter-20.4.0.jar;C:\Users\2303838\.m2\repository\io\cucumber\junit-xml-formatter\0.2.0\junit-xml-formatter-0.2.0.jar;C:\Users\2303838\.m2\repository\io\cucumber\ci-environment\10.0.0\ci-environment-10.0.0.jar;C:\Users\2303838\.m2\repository\org\apiguardian\apiguardian-api\1.1.2\apiguardian-api-1.1.2.jar;C:\Users\2303838\.m2\repository\io\cucumber\cucumber-junit\7.15.0\cucumber-junit-7.15.0.jar;C:\Users\2303838\.m2\repository\junit\junit\4.13.2\junit-4.13.2.jar;C:\Users\2303838\.m2\repository\org\hamcrest\hamcrest-core\1.3\hamcrest-core-1.3.jar;C:\Users\2303838\.m2\repository\io\cucumber\cucumber-testng\7.15.0\cucumber-testng-7.15.0.jar;"/>
    <property name="java.vm.vendor" value="Azul Systems, Inc."/>
    <property name="sun.arch.data.model" value="64"/>
    <property name="user.variant" value=""/>
    <property name="java.vendor.url" value="http://www.azul.com/"/>
    <property name="user.timezone" value="Asia/Calcutta"/>
    <property name="os.name" value="Windows 11"/>
    <property name="java.vm.specification.version" value="17"/>
    <property name="sun.java.launcher" value="SUN_STANDARD"/>
    <property name="user.country" value="IN"/>
    <property name="sun.boot.library.path" value="C:\Program Files\Zulu\zulu-17\bin"/>
    <property name="sun.java.command" value="C:\Users\2303838\AppData\Local\Temp\2\surefire16198760326615583027\surefirebooter-20240301153435050_3.jar C:\Users\2303838\AppData\Local\Temp\2\surefire16198760326615583027 2024-03-01T15-34-34_650-jvmRun1 surefire-20240301153435050_1tmp surefire_0-20240301153435050_2tmp"/>
    <property name="jdk.debug" value="release"/>
    <property name="surefire.test.class.path" value="C:\Users\2303838\HackathonProject\CourseeraProject\target\test-classes;C:\Users\2303838\HackathonProject\CourseeraProject\target\classes;C:\Users\2303838\.m2\repository\org\seleniumhq\selenium\selenium-java\4.17.0\selenium-java-4.17.0.jar;C:\Users\2303838\.m2\repository\org\seleniumhq\selenium\selenium-api\4.17.0\selenium-api-4.17.0.jar;C:\Users\2303838\.m2\repository\org\seleniumhq\selenium\selenium-chrome-driver\4.17.0\selenium-chrome-driver-4.17.0.jar;C:\Users\2303838\.m2\repository\com\google\auto\service\auto-service-annotations\1.1.1\auto-service-annotations-1.1.1.jar;C:\Users\2303838\.m2\repository\org\seleniumhq\selenium\selenium-chromium-driver\4.17.0\selenium-chromium-driver-4.17.0.jar;C:\Users\2303838\.m2\repository\org\seleniumhq\selenium\selenium-json\4.17.0\selenium-json-4.17.0.jar;C:\Users\2303838\.m2\repository\org\seleniumhq\selenium\selenium-manager\4.17.0\selenium-manager-4.17.0.jar;C:\Users\2303838\.m2\repository\org\seleniumhq\selenium\selenium-devtools-v119\4.17.0\selenium-devtools-v119-4.17.0.jar;C:\Users\2303838\.m2\repository\org\seleniumhq\selenium\selenium-devtools-v120\4.17.0\selenium-devtools-v120-4.17.0.jar;C:\Users\2303838\.m2\repository\org\seleniumhq\selenium\selenium-devtools-v121\4.17.0\selenium-devtools-v121-4.17.0.jar;C:\Users\2303838\.m2\repository\org\seleniumhq\selenium\selenium-devtools-v85\4.17.0\selenium-devtools-v85-4.17.0.jar;C:\Users\2303838\.m2\repository\org\seleniumhq\selenium\selenium-edge-driver\4.17.0\selenium-edge-driver-4.17.0.jar;C:\Users\2303838\.m2\repository\org\seleniumhq\selenium\selenium-firefox-driver\4.17.0\selenium-firefox-driver-4.17.0.jar;C:\Users\2303838\.m2\repository\org\seleniumhq\selenium\selenium-http\4.17.0\selenium-http-4.17.0.jar;C:\Users\2303838\.m2\repository\dev\failsafe\failsafe\3.3.2\failsafe-3.3.2.jar;C:\Users\2303838\.m2\repository\org\seleniumhq\selenium\selenium-ie-driver\4.17.0\selenium-ie-driver-4.17.0.jar;C:\Users\2303838\.m2\repository\org\seleniumhq\selenium\selenium-remote-driver\4.17.0\selenium-remote-driver-4.17.0.jar;C:\Users\2303838\.m2\repository\com\google\guava\guava\33.0.0-jre\guava-33.0.0-jre.jar;C:\Users\2303838\.m2\repository\com\google\guava\failureaccess\1.0.2\failureaccess-1.0.2.jar;C:\Users\2303838\.m2\repository\com\google\guava\listenablefuture\9999.0-empty-to-avoid-conflict-with-guava\listenablefuture-9999.0-empty-to-avoid-conflict-with-guava.jar;C:\Users\2303838\.m2\repository\com\google\code\findbugs\jsr305\3.0.2\jsr305-3.0.2.jar;C:\Users\2303838\.m2\repository\org\checkerframework\checker-qual\3.41.0\checker-qual-3.41.0.jar;C:\Users\2303838\.m2\repository\com\google\errorprone\error_prone_annotations\2.23.0\error_prone_annotations-2.23.0.jar;C:\Users\2303838\.m2\repository\com\google\j2objc\j2objc-annotations\2.8\j2objc-annotations-2.8.jar;C:\Users\2303838\.m2\repository\io\opentelemetry\semconv\opentelemetry-semconv\1.23.1-alpha\opentelemetry-semconv-1.23.1-alpha.jar;C:\Users\2303838\.m2\repository\io\opentelemetry\opentelemetry-api\1.34.1\opentelemetry-api-1.34.1.jar;C:\Users\2303838\.m2\repository\io\opentelemetry\opentelemetry-context\1.34.1\opentelemetry-context-1.34.1.jar;C:\Users\2303838\.m2\repository\io\opentelemetry\opentelemetry-exporter-logging\1.34.1\opentelemetry-exporter-logging-1.34.1.jar;C:\Users\2303838\.m2\repository\io\opentelemetry\opentelemetry-sdk-common\1.34.1\opentelemetry-sdk-common-1.34.1.jar;C:\Users\2303838\.m2\repository\io\opentelemetry\opentelemetry-sdk-extension-autoconfigure-spi\1.34.1\opentelemetry-sdk-extension-autoconfigure-spi-1.34.1.jar;C:\Users\2303838\.m2\repository\io\opentelemetry\opentelemetry-sdk-extension-autoconfigure\1.34.1\opentelemetry-sdk-extension-autoconfigure-1.34.1.jar;C:\Users\2303838\.m2\repository\io\opentelemetry\opentelemetry-api-events\1.34.1-alpha\opentelemetry-api-events-1.34.1-alpha.jar;C:\Users\2303838\.m2\repository\io\opentelemetry\opentelemetry-sdk-trace\1.34.1\opentelemetry-sdk-trace-1.34.1.jar;C:\Users\2303838\.m2\repository\io\opentelemetry\opentelemetry-sdk\1.34.1\opentelemetry-sdk-1.34.1.jar;C:\Users\2303838\.m2\repository\io\opentelemetry\opentelemetry-sdk-metrics\1.34.1\opentelemetry-sdk-metrics-1.34.1.jar;C:\Users\2303838\.m2\repository\io\opentelemetry\opentelemetry-extension-incubator\1.34.1-alpha\opentelemetry-extension-incubator-1.34.1-alpha.jar;C:\Users\2303838\.m2\repository\io\opentelemetry\opentelemetry-sdk-logs\1.34.1\opentelemetry-sdk-logs-1.34.1.jar;C:\Users\2303838\.m2\repository\net\bytebuddy\byte-buddy\1.14.11\byte-buddy-1.14.11.jar;C:\Users\2303838\.m2\repository\org\seleniumhq\selenium\selenium-os\4.17.0\selenium-os-4.17.0.jar;C:\Users\2303838\.m2\repository\org\apache\commons\commons-exec\1.3\commons-exec-1.3.jar;C:\Users\2303838\.m2\repository\org\seleniumhq\selenium\selenium-safari-driver\4.17.0\selenium-safari-driver-4.17.0.jar;C:\Users\2303838\.m2\repository\org\seleniumhq\selenium\selenium-support\4.17.0\selenium-support-4.17.0.jar;C:\Users\2303838\.m2\repository\io\github\bonigarcia\webdrivermanager\5.6.3\webdrivermanager-5.6.3.jar;C:\Users\2303838\.m2\repository\org\slf4j\slf4j-api\2.0.10\slf4j-api-2.0.10.jar;C:\Users\2303838\.m2\repository\com\google\code\gson\gson\2.10.1\gson-2.10.1.jar;C:\Users\2303838\.m2\repository\com\github\docker-java\docker-java\3.3.4\docker-java-3.3.4.jar;C:\Users\2303838\.m2\repository\com\github\docker-java\docker-java-core\3.3.4\docker-java-core-3.3.4.jar;C:\Users\2303838\.m2\repository\com\github\docker-java\docker-java-api\3.3.4\docker-java-api-3.3.4.jar;C:\Users\2303838\.m2\repository\com\fasterxml\jackson\core\jackson-annotations\2.10.3\jackson-annotations-2.10.3.jar;C:\Users\2303838\.m2\repository\com\fasterxml\jackson\core\jackson-databind\2.10.3\jackson-databind-2.10.3.jar;C:\Users\2303838\.m2\repository\com\fasterxml\jackson\core\jackson-core\2.10.3\jackson-core-2.10.3.jar;C:\Users\2303838\.m2\repository\org\bouncycastle\bcpkix-jdk18on\1.76\bcpkix-jdk18on-1.76.jar;C:\Users\2303838\.m2\repository\org\bouncycastle\bcprov-jdk18on\1.76\bcprov-jdk18on-1.76.jar;C:\Users\2303838\.m2\repository\org\bouncycastle\bcutil-jdk18on\1.76\bcutil-jdk18on-1.76.jar;C:\Users\2303838\.m2\repository\org\slf4j\jcl-over-slf4j\1.7.30\jcl-over-slf4j-1.7.30.jar;C:\Users\2303838\.m2\repository\com\github\docker-java\docker-java-transport-httpclient5\3.3.4\docker-java-transport-httpclient5-3.3.4.jar;C:\Users\2303838\.m2\repository\com\github\docker-java\docker-java-transport\3.3.4\docker-java-transport-3.3.4.jar;C:\Users\2303838\.m2\repository\net\java\dev\jna\jna\5.13.0\jna-5.13.0.jar;C:\Users\2303838\.m2\repository\org\brotli\dec\0.1.2\dec-0.1.2.jar;C:\Users\2303838\.m2\repository\org\apache\commons\commons-lang3\3.14.0\commons-lang3-3.14.0.jar;C:\Users\2303838\.m2\repository\org\apache\commons\commons-compress\1.25.0\commons-compress-1.25.0.jar;C:\Users\2303838\.m2\repository\org\apache\httpcomponents\client5\httpclient5\5.2.1\httpclient5-5.2.1.jar;C:\Users\2303838\.m2\repository\org\apache\httpcomponents\core5\httpcore5\5.2\httpcore5-5.2.jar;C:\Users\2303838\.m2\repository\org\apache\httpcomponents\core5\httpcore5-h2\5.2\httpcore5-h2-5.2.jar;C:\Users\2303838\.m2\repository\org\apache\poi\poi\5.2.5\poi-5.2.5.jar;C:\Users\2303838\.m2\repository\commons-codec\commons-codec\1.16.0\commons-codec-1.16.0.jar;C:\Users\2303838\.m2\repository\org\apache\commons\commons-collections4\4.4\commons-collections4-4.4.jar;C:\Users\2303838\.m2\repository\org\apache\commons\commons-math3\3.6.1\commons-math3-3.6.1.jar;C:\Users\2303838\.m2\repository\commons-io\commons-io\2.15.0\commons-io-2.15.0.jar;C:\Users\2303838\.m2\repository\com\zaxxer\SparseBitSet\1.3\SparseBitSet-1.3.jar;C:\Users\2303838\.m2\repository\org\apache\poi\poi-ooxml\5.2.5\poi-ooxml-5.2.5.jar;C:\Users\2303838\.m2\repository\org\apache\poi\poi-ooxml-lite\5.2.5\poi-ooxml-lite-5.2.5.jar;C:\Users\2303838\.m2\repository\org\apache\xmlbeans\xmlbeans\5.2.0\xmlbeans-5.2.0.jar;C:\Users\2303838\.m2\repository\com\github\virtuald\curvesapi\1.08\curvesapi-1.08.jar;C:\Users\2303838\.m2\repository\org\apache\logging\log4j\log4j-core\2.22.1\log4j-core-2.22.1.jar;C:\Users\2303838\.m2\repository\org\apache\logging\log4j\log4j-api\2.22.1\log4j-api-2.22.1.jar;C:\Users\2303838\.m2\repository\com\aventstack\extentreports\5.1.1\extentreports-5.1.1.jar;C:\Users\2303838\.m2\repository\io\reactivex\rxjava3\rxjava\3.1.6\rxjava-3.1.6.jar;C:\Users\2303838\.m2\repository\org\reactivestreams\reactive-streams\1.0.4\reactive-streams-1.0.4.jar;C:\Users\2303838\.m2\repository\org\freemarker\freemarker\2.3.32\freemarker-2.3.32.jar;C:\Users\2303838\.m2\repository\org\projectlombok\lombok\1.18.26\lombok-1.18.26.jar;C:\Users\2303838\.m2\repository\tech\grasshopper\extentreports-cucumber7-adapter\1.14.0\extentreports-cucumber7-adapter-1.14.0.jar;C:\Users\2303838\.m2\repository\tech\grasshopper\extent-pdf-report\2.12.0\extent-pdf-report-2.12.0.jar;C:\Users\2303838\.m2\repository\tech\grasshopper\cucumber-pdf-report\2.14.0\cucumber-pdf-report-2.14.0.jar;C:\Users\2303838\.m2\repository\org\apache\pdfbox\pdfbox\2.0.26\pdfbox-2.0.26.jar;C:\Users\2303838\.m2\repository\org\apache\pdfbox\fontbox\2.0.26\fontbox-2.0.26.jar;C:\Users\2303838\.m2\repository\org\knowm\xchart\xchart\3.8.0\xchart-3.8.0.jar;C:\Users\2303838\.m2\repository\de\erichseifert\vectorgraphics2d\VectorGraphics2D\0.13\VectorGraphics2D-0.13.jar;C:\Users\2303838\.m2\repository\de\rototor\pdfbox\graphics2d\0.30\graphics2d-0.30.jar;C:\Users\2303838\.m2\repository\com\madgag\animated-gif-lib\1.4\animated-gif-lib-1.4.jar;C:\Users\2303838\.m2\repository\org\yaml\snakeyaml\2.0\snakeyaml-2.0.jar;C:\Users\2303838\.m2\repository\tech\grasshopper\table-layout\1.5.1\table-layout-1.5.1.jar;C:\Users\2303838\.m2\repository\tech\grasshopper\rest-assured-cucumber-pdf-report\1.5.0\rest-assured-cucumber-pdf-report-1.5.0.jar;C:\Users\2303838\.m2\repository\org\jsoup\jsoup\1.15.3\jsoup-1.15.3.jar;C:\Users\2303838\.m2\repository\com\aventstack\klov-reporter\5.1.0\klov-reporter-5.1.0.jar;C:\Users\2303838\.m2\repository\org\mongodb\mongodb-driver\3.6.4\mongodb-driver-3.6.4.jar;C:\Users\2303838\.m2\repository\org\mongodb\mongodb-driver-core\3.6.4\mongodb-driver-core-3.6.4.jar;C:\Users\2303838\.m2\repository\org\mongodb\bson\3.6.4\bson-3.6.4.jar;C:\Users\2303838\.m2\repository\org\apache\httpcomponents\httpclient\4.5.13\httpclient-4.5.13.jar;C:\Users\2303838\.m2\repository\org\apache\httpcomponents\httpcore\4.4.13\httpcore-4.4.13.jar;C:\Users\2303838\.m2\repository\commons-logging\commons-logging\1.2\commons-logging-1.2.jar;C:\Users\2303838\.m2\repository\org\apache\httpcomponents\httpmime\4.5.13\httpmime-4.5.13.jar;C:\Users\2303838\.m2\repository\tech\grasshopper\htmlextentreporter\1.1.0\htmlextentreporter-1.1.0.jar;C:\Users\2303838\.m2\repository\tech\grasshopper\extent-excel-report\1.4.0\extent-excel-report-1.4.0.jar;C:\Users\2303838\.m2\repository\org\testng\testng\7.9.0\testng-7.9.0.jar;C:\Users\2303838\.m2\repository\com\beust\jcommander\1.82\jcommander-1.82.jar;C:\Users\2303838\.m2\repository\org\webjars\jquery\3.7.1\jquery-3.7.1.jar;C:\Users\2303838\.m2\repository\io\cucumber\cucumber-java\7.15.0\cucumber-java-7.15.0.jar;C:\Users\2303838\.m2\repository\io\cucumber\cucumber-core\7.15.0\cucumber-core-7.15.0.jar;C:\Users\2303838\.m2\repository\io\cucumber\cucumber-gherkin\7.15.0\cucumber-gherkin-7.15.0.jar;C:\Users\2303838\.m2\repository\io\cucumber\cucumber-gherkin-messages\7.15.0\cucumber-gherkin-messages-7.15.0.jar;C:\Users\2303838\.m2\repository\io\cucumber\gherkin\26.2.0\gherkin-26.2.0.jar;C:\Users\2303838\.m2\repository\io\cucumber\messages\22.0.0\messages-22.0.0.jar;C:\Users\2303838\.m2\repository\io\cucumber\tag-expressions\6.0.0\tag-expressions-6.0.0.jar;C:\Users\2303838\.m2\repository\io\cucumber\cucumber-expressions\17.0.1\cucumber-expressions-17.0.1.jar;C:\Users\2303838\.m2\repository\io\cucumber\datatable\7.15.0\datatable-7.15.0.jar;C:\Users\2303838\.m2\repository\io\cucumber\cucumber-plugin\7.15.0\cucumber-plugin-7.15.0.jar;C:\Users\2303838\.m2\repository\io\cucumber\docstring\7.15.0\docstring-7.15.0.jar;C:\Users\2303838\.m2\repository\io\cucumber\html-formatter\20.4.0\html-formatter-20.4.0.jar;C:\Users\2303838\.m2\repository\io\cucumber\junit-xml-formatter\0.2.0\junit-xml-formatter-0.2.0.jar;C:\Users\2303838\.m2\repository\io\cucumber\ci-environment\10.0.0\ci-environment-10.0.0.jar;C:\Users\2303838\.m2\repository\org\apiguardian\apiguardian-api\1.1.2\apiguardian-api-1.1.2.jar;C:\Users\2303838\.m2\repository\io\cucumber\cucumber-junit\7.15.0\cucumber-junit-7.15.0.jar;C:\Users\2303838\.m2\repository\junit\junit\4.13.2\junit-4.13.2.jar;C:\Users\2303838\.m2\repository\org\hamcrest\hamcrest-core\1.3\hamcrest-core-1.3.jar;C:\Users\2303838\.m2\repository\io\cucumber\cucumber-testng\7.15.0\cucumber-testng-7.15.0.jar;"/>
    <property name="sun.cpu.endian" value="little"/>
    <property name="user.home" value="C:\Users\2303838"/>
    <property name="user.language" value="en"/>
    <property name="java.specification.vendor" value="Oracle Corporation"/>
    <property name="java.version.date" value="2022-01-18"/>
    <property name="java.home" value="C:\Program Files\Zulu\zulu-17"/>
    <property name="file.separator" value="\"/>
    <property name="basedir" value="C:\Users\2303838\HackathonProject\CourseeraProject"/>
    <property name="java.vm.compressedOopsMode" value="32-bit"/>
    <property name="line.separator" value="&#10;"/>
    <property name="java.vm.specification.vendor" value="Oracle Corporation"/>
    <property name="java.specification.name" value="Java Platform API Specification"/>
    <property name="surefire.real.class.path" value="C:\Users\2303838\AppData\Local\Temp\2\surefire16198760326615583027\surefirebooter-20240301153435050_3.jar"/>
    <property name="user.script" value=""/>
    <property name="sun.management.compiler" value="HotSpot 64-Bit Tiered Compilers"/>
    <property name="java.runtime.version" value="17.0.2+8-LTS"/>
    <property name="user.name" value="2303838"/>
    <property name="path.separator" value=";"/>
    <property name="os.version" value="10.0"/>
    <property name="java.runtime.name" value="OpenJDK Runtime Environment"/>
    <property name="file.encoding" value="Cp1252"/>
    <property name="java.vm.name" value="OpenJDK 64-Bit Server VM"/>
    <property name="java.vendor.version" value="Zulu17.32+13-CA"/>
    <property name="localRepository" value="C:\Users\2303838\.m2\repository"/>
    <property name="java.vendor.url.bug" value="http://www.azul.com/support/"/>
    <property name="java.io.tmpdir" value="C:\Users\2303838\AppData\Local\Temp\2\"/>
    <property name="java.version" value="17.0.2"/>
    <property name="user.dir" value="C:\Users\2303838\HackathonProject\CourseeraProject"/>
    <property name="os.arch" value="amd64"/>
    <property name="java.vm.specification.name" value="Java Virtual Machine Specification"/>
    <property name="sun.os.patch.level" value=""/>
    <property name="native.encoding" value="Cp1252"/>
    <property name="java.library.path" value="C:\Program Files\Zulu\zulu-17\bin;C:\Windows\Sun\Java\bin;C:\Windows\system32;C:\Windows;C:\Program Files\Zulu\zulu-17\bin\;C:\Windows\system32;C:\Windows;C:\Windows\System32\Wbem;C:\Windows\System32\WindowsPowerShell\v1.0\;C:\Windows\System32\OpenSSH\;C:\Program Files\Git\cmd;C:\Users\2303838\Downloads\axis2-1.6.2.zip\axis2-1.6.2\bin;C:\apache-maven-3.9.3\bin;C:\Users\2303838\AppData\Local\Microsoft\WindowsApps;;."/>
    <property name="java.vm.info" value="mixed mode, sharing"/>
    <property name="java.vendor" value="Azul Systems, Inc."/>
    <property name="java.vm.version" value="17.0.2+8-LTS"/>
    <property name="sun.io.unicode.encoding" value="UnicodeLittle"/>
    <property name="java.class.version" value="61.0"/>
  </properties>
  <testcase name="runScenario[&quot;Launch Browser&quot;, &quot;A Smoke Testing&quot;](1)" classname="testRunner.TestRun2" time="7.484">
    <system-out><![CDATA[
@smoke @smoke
Scenario: Launch Browser               # src/test/resources/FeatureFiles/f001_Smoke.feature:5
  Given user should launch the browser # stepDefinition.smokeSteps.user_should_launch_the_browser()

    Embedding Launch Browser [image/png 295046 bytes]

  When user navigates to url           # stepDefinition.smokeSteps.user_navigates_to_url()

    Embedding Launch Browser [image/png 295046 bytes]

  Then Web page should load            # stepDefinition.smokeSteps.web_page_should_load()

    Embedding Launch Browser [image/png 295046 bytes]

]]></system-out>
    <system-err><![CDATA[SLF4J(W): No SLF4J providers were found.
SLF4J(W): Defaulting to no-operation (NOP) logger implementation
SLF4J(W): See https://www.slf4j.org/codes.html#noProviders for further details.
]]></system-err>
  </testcase>
  <testcase name="runScenario[&quot;Validate search box&quot;, &quot;A Smoke Testing&quot;](2)" classname="testRunner.TestRun2" time="5.245">
    <system-out><![CDATA[
@smoke @smoke
Scenario: Validate search box                # src/test/resources/FeatureFiles/f001_Smoke.feature:11
  Given user should be on courseera homepage # stepDefinition.SearchDefinitions.user_should_be_on_courseera_homepage()

    Embedding Validate search box [image/png 295046 bytes]

  Then search box should displayed           # stepDefinition.smokeSteps.search_box_should_displayed()

    Embedding Validate search box [image/png 295046 bytes]

]]></system-out>
  </testcase>
  <testcase name="runScenario[&quot;Validate Search Icon&quot;, &quot;A Smoke Testing&quot;](3)" classname="testRunner.TestRun2" time="14.77">
    <system-out><![CDATA[
@smoke @smoke
Scenario: Validate Search Icon                  # src/test/resources/FeatureFiles/f001_Smoke.feature:16
  Given user should be on courssera homepage    # stepDefinition.smokeSteps.user_should_be_on_courssera_homepage()

    Embedding Validate Search Icon [image/png 295046 bytes]

  When user search for "Web Development" course # stepDefinition.smokeSteps.user_search_for_course(java.lang.String)

    Embedding Validate Search Icon [image/png 454027 bytes]

  Then user should see all courses.             # stepDefinition.smokeSteps.user_should_see_all_courses()

    Embedding Validate Search Icon [image/png 454027 bytes]

]]></system-out>
  </testcase>
  <testcase name="runScenario[&quot;Validate show more link&quot;, &quot;A Smoke Testing&quot;](4)" classname="testRunner.TestRun2" time="2.206">
    <system-out><![CDATA[
@smoke @smoke
Scenario: Validate show more link                     # src/test/resources/FeatureFiles/f001_Smoke.feature:22
  Given user should see all the courses               # stepDefinition.smokeSteps.user_should_see_all_the_courses()

    Embedding Validate show more link [image/png 454027 bytes]

  When user clicks on show more link                  # stepDefinition.smokeSteps.user_clicks_on_show_more_link()

    Embedding Validate show more link [image/png 193597 bytes]

  Then user should see all available language options # stepDefinition.smokeSteps.user_should_see_all_available_language_options()

    Embedding Validate show more link [image/png 503707 bytes]

]]></system-out>
  </testcase>
  <testcase name="runScenario[&quot;Validate filters&quot;, &quot;A Smoke Testing&quot;](5)" classname="testRunner.TestRun2" time="4.651">
    <system-out><![CDATA[
@smoke @smoke
Scenario: Validate filters              # src/test/resources/FeatureFiles/f001_Smoke.feature:28
  Given user should see all the courses # stepDefinition.smokeSteps.user_should_see_all_the_courses()

    Embedding Validate filters [image/png 503707 bytes]

  When user clicks on Beginner level    # stepDefinition.smokeSteps.user_clicks_on_beginner_level()

    Embedding Validate filters [image/png 104546 bytes]

  Then checkbox should be selected.     # stepDefinition.smokeSteps.checkbox_should_be_selected()

    Embedding Validate filters [image/png 439040 bytes]

]]></system-out>
  </testcase>
  <testcase name="runScenario[&quot;Validate first navigation links&quot;, &quot;A Smoke Testing&quot;](6)" classname="testRunner.TestRun2" time="15.876">
    <system-out><![CDATA[
@smoke @smoke
Scenario: Validate first navigation links    # src/test/resources/FeatureFiles/f001_Smoke.feature:34
  Given user should be on courssera homepage # stepDefinition.smokeSteps.user_should_be_on_courssera_homepage()

    Embedding Validate first navigation links [image/png 295046 bytes]

  When user clicks on for individual link    # stepDefinition.smokeSteps.user_clicks_on_for_individual_link()

    Embedding Validate first navigation links [image/png 295046 bytes]

  Then user should see courseera homepage    # stepDefinition.smokeSteps.user_should_see_courseera_homepage()

    Embedding Validate first navigation links [image/png 295046 bytes]

]]></system-out>
  </testcase>
  <testcase name="runScenario[&quot;Validate second navigation links&quot;, &quot;A Smoke Testing&quot;](7)" classname="testRunner.TestRun2" time="133.865">
    <system-out><![CDATA[
@smoke @smoke
Scenario: Validate second navigation links   # src/test/resources/FeatureFiles/f001_Smoke.feature:40
  Given user should be on courssera homepage # stepDefinition.smokeSteps.user_should_be_on_courssera_homepage()

    Embedding Validate second navigation links [image/png 295046 bytes]

  When user clicks on for buiseness link     # stepDefinition.smokeSteps.user_clicks_on_for_buiseness_link()

    Embedding Validate second navigation links [image/png 674792 bytes]

  Then user should see buiseness page.       # stepDefinition.smokeSteps.user_should_see_buiseness_page()

    Embedding Validate second navigation links [image/png 674792 bytes]

]]></system-out>
  </testcase>
  <testcase name="runScenario[&quot;Validate third navigation links&quot;, &quot;A Smoke Testing&quot;](8)" classname="testRunner.TestRun2" time="14.496">
    <system-out><![CDATA[
@smoke @smoke
Scenario: Validate third navigation links    # src/test/resources/FeatureFiles/f001_Smoke.feature:46
  Given user should be on courssera homepage # stepDefinition.smokeSteps.user_should_be_on_courssera_homepage()

    Embedding Validate third navigation links [image/png 295046 bytes]

  When user clicks on for universities link  # stepDefinition.smokeSteps.user_clicks_on_for_universities_link()

    Embedding Validate third navigation links [image/png 814715 bytes]

  Then user should see for campus page       # stepDefinition.smokeSteps.user_should_see_for_campus_page()

    Embedding Validate third navigation links [image/png 814715 bytes]

]]></system-out>
  </testcase>
  <testcase name="runScenario[&quot;Validate Solution dropdown&quot;, &quot;A Smoke Testing&quot;](9)" classname="testRunner.TestRun2" time="8.074">
    <system-out><![CDATA[
@smoke @smoke
Scenario: Validate Solution dropdown        # src/test/resources/FeatureFiles/f001_Smoke.feature:52
  Given user should see buieness page       # stepDefinition.smokeSteps.user_should_see_buieness_page()

    Embedding Validate Solution dropdown [image/png 699004 bytes]

  When user clicks on the solution dropdown # stepDefinition.smokeSteps.user_clicks_on_the_solution_dropdown()

    Embedding Validate Solution dropdown [image/png 101693 bytes]

  Then user should see  solutions options   # stepDefinition.smokeSteps.user_should_see_solutions_options()

    Embedding Validate Solution dropdown [image/png 699587 bytes]

]]></system-out>
  </testcase>
  <testcase name="runScenario[&quot;Validate Solution dropdown options&quot;, &quot;A Smoke Testing&quot;](10)" classname="testRunner.TestRun2" time="7.123">
    <system-out><![CDATA[
@smoke @smoke
Scenario: Validate Solution dropdown options   # src/test/resources/FeatureFiles/f001_Smoke.feature:58
  Given user should click on solution dropdown # stepDefinition.smokeSteps.user_should_click_on_solution_dropdown()

    Embedding Validate Solution dropdown options [image/png 104096 bytes]

  When user clicks on For Campus option        # stepDefinition.smokeSteps.user_clicks_on_for_campus_option()

    Embedding Validate Solution dropdown options [image/png 814715 bytes]

  Then user should see for campus page         # stepDefinition.smokeSteps.user_should_see_for_campus_page()

    Embedding Validate Solution dropdown options [image/png 814715 bytes]

]]></system-out>
  </testcase>
  <testcase name="runScenario[&quot;Search For Courses&quot;, &quot;MainFeatureFile&quot;](11)" classname="testRunner.TestRun2" time="23.441">
    <system-out><![CDATA[
Scenario: Search For Courses                     # src/test/resources/FeatureFiles/f002_Main.feature:3
  Given user should be on courseera homepage     # stepDefinition.SearchDefinitions.user_should_be_on_courseera_homepage()

    Embedding Search For Courses [image/png 295046 bytes]

  When user search for "Web Development" courses # stepDefinition.SearchDefinitions.user_search_for_courses(java.lang.String)

    Embedding Search For Courses [image/png 454027 bytes]

  And user clicks on show more link              # stepDefinition.smokeSteps.user_clicks_on_show_more_link()

    Embedding Search For Courses [image/png 193699 bytes]

  And user select English language               # stepDefinition.SearchDefinitions.user_select_english_language()

    Embedding Search For Courses [image/png 73646 bytes]

  And user select beginners level                # stepDefinition.SearchDefinitions.user_select_beginners_level()

    Embedding Search For Courses [image/png 104546 bytes]

  Then user should click on top two courses      # stepDefinition.SearchDefinitions.user_should_click_on_top_two_courses()

    Embedding Search For Courses [image/png 347255 bytes]

]]></system-out>
  </testcase>
  <testcase name="runScenario[&quot;Capture Course Details&quot;, &quot;MainFeatureFile&quot;](12)" classname="testRunner.TestRun2" time="19.214">
    <system-out><![CDATA[
Scenario: Capture Course Details              # src/test/resources/FeatureFiles/f002_Main.feature:11
  Given user should be on first course page   # stepDefinition.DetailsSteps.user_should_be_on_first_course_page()

    Embedding Capture Course Details [image/png 178352 bytes]

  When user capture the first course details  # stepDefinition.DetailsSteps.user_capture_the_first_course_details()

    Embedding Capture Course Details [image/png 178348 bytes]


*******************Printing First Course Details*******************

Course Name:- Meta Front-End Developer Professional Certificate
Course Ratings:- 4.7
Course Duration:- 7 months at 6 hours a week
  Then display the first course details       # stepDefinition.DetailsSteps.display_the_first_course_details()

    Embedding Capture Course Details [image/png 178348 bytes]

  Given user should be on second course page  # stepDefinition.DetailsSteps.user_should_be_on_second_course_page()

    Embedding Capture Course Details [image/png 211228 bytes]

  When user capture the second course details # stepDefinition.DetailsSteps.user_capture_the_second_course_details()

    Embedding Capture Course Details [image/png 211228 bytes]


*******************Printing Second Course Details*******************

Course Name:- Web Design for Everybody: Basics of Web Development & Coding Specialization
Course Ratings:- 4.8
Course Duration:- 2 months at 10 hours a week
  Then display the second course details      # stepDefinition.DetailsSteps.display_the_secind_course_details()

    Embedding Capture Course Details [image/png 211228 bytes]

]]></system-out>
  </testcase>
  <testcase name="runScenario[&quot;Language Learning&quot;, &quot;MainFeatureFile&quot;](13)" classname="testRunner.TestRun2" time="16.566">
    <system-out><![CDATA[
Scenario: Language Learning                        # src/test/resources/FeatureFiles/f002_Main.feature:19
  Given user should be on homepage                 # stepDefinition.languageSteps.user_should_be_on_homepage()

    Embedding Language Learning [image/png 295046 bytes]

  When User look for "Language Learning"           # stepDefinition.languageSteps.user_look_for(java.lang.String)

    Embedding Language Learning [image/png 318670 bytes]

  And user clicks on show more link                # stepDefinition.smokeSteps.user_clicks_on_show_more_link()

    Embedding Language Learning [image/png 184672 bytes]

  And user extract all languages                   # stepDefinition.languageSteps.user_extract_all_languages()

    Embedding Language Learning [image/png 356885 bytes]

Total Count Of Levels:-4
  And user extract all levels                      # stepDefinition.languageSteps.user_extract_all_levels()

    Embedding Language Learning [image/png 356885 bytes]


*********************All available languages*********************

Total Count Of Languages:-24
English
Spanish
Arabic
French
Chinese
Portuguese
German
Indonesian
Hindi
Italian
Swedish
Dutch
Greek
Polish
Thai
Turkish
Ukrainian
Russian
Kazakh
Hungarian
Japanese
Korean
Chinese
Hebrew

*********************All available levels*********************

Total Count Of Levels:-4
Beginner
Intermediate
Advanced
Mixed
  Then user display langauge and level information # stepDefinition.languageSteps.user_display_langauge_and_level_information()

    Embedding Language Learning [image/png 356885 bytes]

]]></system-out>
  </testcase>
  <testcase name="runScenario[&quot;Navigate to form&quot;, &quot;MainFeatureFile&quot;](14)" classname="testRunner.TestRun2" time="63.126">
    <system-out><![CDATA[
Scenario: Navigate to form                    # src/test/resources/FeatureFiles/f002_Main.feature:27
  Given user should be on For Enterprise page # stepDefinition.formSteps.user_should_be_on_for_enterprise_page()

    Embedding Navigate to form [image/png 699004 bytes]

  When user clicks on solution dropdown       # stepDefinition.formSteps.user_clicks_on_solution_dropdown()

    Embedding Navigate to form [image/png 118136 bytes]

  And user click on For Campus option         # stepDefinition.formSteps.user_click_on_for_campus_option()

    Embedding Navigate to form [image/png 814715 bytes]

]]></system-out>
  </testcase>
  <testcase name="runScenario[&quot;Fill The Form&quot;, &quot;MainFeatureFile&quot;](15)" classname="testRunner.TestRun2" time="40.385">
    <system-out><![CDATA[
Scenario Outline: Fill The Form                                                                       # src/test/resources/FeatureFiles/f002_Main.feature:40
  Given user should scroll down to the form                                                           # stepDefinition.formSteps.user_should_scroll_down_to_the_form()

    Embedding Fill The Form [image/png 98549 bytes]

  When user fills the form with "test","test","test@cognizant.com","9876545321","test","test","valid" # stepDefinition.formSteps.user_fills_the_form(java.lang.String,java.lang.String,java.lang.String,java.lang.String,java.lang.String,java.lang.String,java.lang.String)

    Embedding Fill The Form [image/png 169811 bytes]

  And user submits the form                                                                           # stepDefinition.formSteps.user_submits_the_form()

    Embedding Fill The Form [image/png 101581 bytes]


*********************Message after submiting valid data*********************
Thank you for your interest in Coursera for Campus  Then user should capture "valid" message                                                            # stepDefinition.formSteps.user_should_capture_the_message(java.lang.String)

    Embedding Fill The Form [image/png 99413 bytes]

]]></system-out>
  </testcase>
  <testcase name="runScenario[&quot;Fill The Form&quot;, &quot;MainFeatureFile&quot;](16)" classname="testRunner.TestRun2" time="37.52">
    <system-out><![CDATA[
Scenario Outline: Fill The Form                                                                # src/test/resources/FeatureFiles/f002_Main.feature:41
  Given user should scroll down to the form                                                    # stepDefinition.formSteps.user_should_scroll_down_to_the_form()

    Embedding Fill The Form [image/png 98549 bytes]

  When user fills the form with "test1","test1","test1","7987898765","test1","test1","invalid" # stepDefinition.formSteps.user_fills_the_form(java.lang.String,java.lang.String,java.lang.String,java.lang.String,java.lang.String,java.lang.String,java.lang.String)

    Embedding Fill The Form [image/png 173471 bytes]

  And user submits the form                                                                    # stepDefinition.formSteps.user_submits_the_form()

    Embedding Fill The Form [image/png 139022 bytes]


*********************Message after submiting invalid data*********************
Must be valid email.
example@yourdomain.com  Then user should capture "invalid" message                                                   # stepDefinition.formSteps.user_should_capture_the_message(java.lang.String)

    Embedding Fill The Form [image/png 143241 bytes]

]]></system-out>
  </testcase>
  <testcase name="runScenario[&quot;Validate Search Functionality&quot;, &quot;Regression Feature&quot;](17)" classname="testRunner.TestRun2" time="13.292">
    <system-out><![CDATA[
@Regression @Regression,Sanity
Scenario: Validate Search Functionality         # src/test/resources/FeatureFiles/f003_Regression.feature:5
  Given user should be on courssera homepage    # stepDefinition.smokeSteps.user_should_be_on_courssera_homepage()

    Embedding Validate Search Functionality [image/png 295046 bytes]

  When user search for "Web Development" course # stepDefinition.smokeSteps.user_search_for_course(java.lang.String)

    Embedding Validate Search Functionality [image/png 454001 bytes]

  Then user should see all courses.             # stepDefinition.smokeSteps.user_should_see_all_courses()

    Embedding Validate Search Functionality [image/png 454027 bytes]

]]></system-out>
  </testcase>
  <testcase name="runScenario[&quot;Validate Language Filters&quot;, &quot;Regression Feature&quot;](18)" classname="testRunner.TestRun2" time="64.651">
    <system-out><![CDATA[
@Regression @Regression
Scenario: Validate Language Filters                  # src/test/resources/FeatureFiles/f003_Regression.feature:11
  Given user should be on courssera homepage         # stepDefinition.smokeSteps.user_should_be_on_courssera_homepage()

    Embedding Validate Language Filters [image/png 295046 bytes]

  When user search for "Web Development" course      # stepDefinition.smokeSteps.user_search_for_course(java.lang.String)

    Embedding Validate Language Filters [image/png 454027 bytes]

  And user clicks on show more link                  # stepDefinition.smokeSteps.user_clicks_on_show_more_link()

    Embedding Validate Language Filters [image/png 193597 bytes]

  And user select language English.                  # stepDefinition.RegressionSteps.user_select_language_english()

    Embedding Validate Language Filters [image/png 73646 bytes]

true
  Then user verifies English filter displayed at Top # stepDefinition.RegressionSteps.user_verifies_english_filter_displayed_at_top()

    Embedding Validate Language Filters [image/png 491151 bytes]

]]></system-out>
  </testcase>
  <testcase name="runScenario[&quot;Validate Level Filters&quot;, &quot;Regression Feature&quot;](19)" classname="testRunner.TestRun2" time="17.371">
    <system-out><![CDATA[
@Regression @Regression
Scenario: Validate Level Filters                      # src/test/resources/FeatureFiles/f003_Regression.feature:19
  Given user should be on courssera homepage          # stepDefinition.smokeSteps.user_should_be_on_courssera_homepage()

    Embedding Validate Level Filters [image/png 295046 bytes]

  When user search for "Web Development" course       # stepDefinition.smokeSteps.user_search_for_course(java.lang.String)

    Embedding Validate Level Filters [image/png 454027 bytes]

  And user select level as Beginner                   # stepDefinition.RegressionSteps.user_select_level_as_Beginner()

    Embedding Validate Level Filters [image/png 104546 bytes]

true
  Then user verifies Beginner filter displayed at Top # stepDefinition.RegressionSteps.user_verifies_filter_displayed_at_top()

    Embedding Validate Level Filters [image/png 439040 bytes]

]]></system-out>
  </testcase>
  <testcase name="runScenario[&quot;Validate Course Details&quot;, &quot;Regression Feature&quot;](20)" classname="testRunner.TestRun2" time="16.863">
    <system-out><![CDATA[
@Regression @Regression,Sanity
Scenario: Validate Course Details               # src/test/resources/FeatureFiles/f003_Regression.feature:26
  Given user should be on courssera homepage    # stepDefinition.smokeSteps.user_should_be_on_courssera_homepage()

    Embedding Validate Course Details [image/png 295046 bytes]

  When user search for "Web Development" course # stepDefinition.smokeSteps.user_search_for_course(java.lang.String)

    Embedding Validate Course Details [image/png 454027 bytes]

  And user sees all available courses           # stepDefinition.RegressionSteps.user_sees_all_available_courses()

    Embedding Validate Course Details [image/png 454027 bytes]

true
  And user clicks on the course                 # stepDefinition.RegressionSteps.user_clicks_on_the_course()

    Embedding Validate Course Details [image/png 661123 bytes]

  Then user should get the coursedetails.       # stepDefinition.RegressionSteps.user_should_get_the_coursedetails()

    Embedding Validate Course Details [image/png 178356 bytes]

]]></system-out>
  </testcase>
  <testcase name="runScenario[&quot;Validate Form Registration&quot;, &quot;Regression Feature&quot;](21)" classname="testRunner.TestRun2" time="41.119">
    <system-out><![CDATA[
@Regression @Regression
Scenario: Validate Form Registration                                                                # src/test/resources/FeatureFiles/f003_Regression.feature:43
  Given user should navigate to form page                                                           # stepDefinition.RegressionSteps.user_should_navigate_to_form_page()

    Embedding Validate Form Registration [image/png 814121 bytes]

  When user fills the form with "","test","test@cognizant.com","9876545321","test","test","invalid" # stepDefinition.formSteps.user_fills_the_form(java.lang.String,java.lang.String,java.lang.String,java.lang.String,java.lang.String,java.lang.String,java.lang.String)

    Embedding Validate Form Registration [image/png 143462 bytes]

  And user submits the form                                                                         # stepDefinition.formSteps.user_submits_the_form()

    Embedding Validate Form Registration [image/png 120500 bytes]


*********************Message after submiting invalid data*********************
This field is required.  Then user should capture "invalid" message                                                        # stepDefinition.formSteps.user_should_capture_the_message(java.lang.String)

    Embedding Validate Form Registration [image/png 122825 bytes]

]]></system-out>
  </testcase>
  <testcase name="runScenario[&quot;Validate Form Registration&quot;, &quot;Regression Feature&quot;](22)" classname="testRunner.TestRun2" time="36.122">
    <system-out><![CDATA[
@Regression @Regression
Scenario: Validate Form Registration                                                      # src/test/resources/FeatureFiles/f003_Regression.feature:44
  Given user should navigate to form page                                                 # stepDefinition.RegressionSteps.user_should_navigate_to_form_page()

    Embedding Validate Form Registration [image/png 814121 bytes]

  When user fills the form with "test1","","test1","7987898765","test1","test1","invalid" # stepDefinition.formSteps.user_fills_the_form(java.lang.String,java.lang.String,java.lang.String,java.lang.String,java.lang.String,java.lang.String,java.lang.String)

    Embedding Validate Form Registration [image/png 145063 bytes]

  And user submits the form                                                               # stepDefinition.formSteps.user_submits_the_form()

    Embedding Validate Form Registration [image/png 139193 bytes]


*********************Message after submiting invalid data*********************
This field is required.  Then user should capture "invalid" message                                              # stepDefinition.formSteps.user_should_capture_the_message(java.lang.String)

    Embedding Validate Form Registration [image/png 149633 bytes]

]]></system-out>
  </testcase>
  <testcase name="runScenario[&quot;Validate Form Registration&quot;, &quot;Regression Feature&quot;](23)" classname="testRunner.TestRun2" time="37.527">
    <system-out><![CDATA[
@Regression @Regression
Scenario: Validate Form Registration                                                              # src/test/resources/FeatureFiles/f003_Regression.feature:45
  Given user should navigate to form page                                                         # stepDefinition.RegressionSteps.user_should_navigate_to_form_page()

    Embedding Validate Form Registration [image/png 814715 bytes]

  When user fills the form with "test1","test1","test@cognizant.com","","test1","test1","invalid" # stepDefinition.formSteps.user_fills_the_form(java.lang.String,java.lang.String,java.lang.String,java.lang.String,java.lang.String,java.lang.String,java.lang.String)

    Embedding Validate Form Registration [image/png 142291 bytes]

  And user submits the form                                                                       # stepDefinition.formSteps.user_submits_the_form()

    Embedding Validate Form Registration [image/png 137524 bytes]


*********************Message after submiting invalid data*********************
Must be a phone number.
503-555-1212  Then user should capture "invalid" message                                                      # stepDefinition.formSteps.user_should_capture_the_message(java.lang.String)

    Embedding Validate Form Registration [image/png 146828 bytes]

]]></system-out>
  </testcase>
  <testcase name="runScenario[&quot;Validate Form Registration&quot;, &quot;Regression Feature&quot;](24)" classname="testRunner.TestRun2" time="71.176">
    <system-out><![CDATA[
@Regression @Regression
Scenario: Validate Form Registration                                                                   # src/test/resources/FeatureFiles/f003_Regression.feature:46
  Given user should navigate to form page                                                              # stepDefinition.RegressionSteps.user_should_navigate_to_form_page()

    Embedding Validate Form Registration [image/png 814715 bytes]

  When user fills the form with "test1","test1","test@cognizant.com","7656789213","","test1","invalid" # stepDefinition.formSteps.user_fills_the_form(java.lang.String,java.lang.String,java.lang.String,java.lang.String,java.lang.String,java.lang.String,java.lang.String)

    Embedding Validate Form Registration [image/png 140990 bytes]

  And user submits the form                                                                            # stepDefinition.formSteps.user_submits_the_form()

    Embedding Validate Form Registration [image/png 145668 bytes]


*********************Message after submiting invalid data*********************
This field is required.  Then user should capture "invalid" message                                                           # stepDefinition.formSteps.user_should_capture_the_message(java.lang.String)

    Embedding Validate Form Registration [image/png 147995 bytes]

]]></system-out>
  </testcase>
</testsuite>