<?xml version="1.0" encoding="UTF-8"?>
<!-- Generated by org.testng.reporters.JUnitReportReporter -->
<testsuite hostname="LTIN202390" failures="0" tests="24" name="testRunner.TestRun2" time="712.176" errors="0" timestamp="2024-03-01T15:48:31 IST" skipped="0">
  <testcase classname="testRunner.TestRun2" name="runScenario" time="2.208"/>
  <testcase classname="testRunner.TestRun2" name="runScenario" time="63.127"/>
  <testcase classname="testRunner.TestRun2" name="runScenario" time="71.177"/>
  <testcase classname="testRunner.TestRun2" name="runScenario" time="16.566"/>
  <testcase classname="testRunner.TestRun2" name="runScenario" time="37.521"/>
  <testcase classname="testRunner.TestRun2" name="runScenario" time="13.293"/>
  <testcase classname="testRunner.TestRun2" name="runScenario" time="7.485"/>
  <testcase classname="testRunner.TestRun2" name="runScenario" time="15.877"/>
  <testcase classname="testRunner.TestRun2" name="runScenario" time="23.431"/>
  <testcase classname="testRunner.TestRun2" name="runScenario" time="8.074"/>
  <testcase classname="testRunner.TestRun2" name="runScenario" time="37.528"/>
  <testcase classname="testRunner.TestRun2" name="runScenario" time="41.119"/>
  <testcase classname="testRunner.TestRun2" name="runScenario" time="133.865"/>
  <testcase classname="testRunner.TestRun2" name="runScenario" time="14.498"/>
  <testcase classname="testRunner.TestRun2" name="runScenario" time="64.651"/>
  <testcase classname="testRunner.TestRun2" name="runScenario" time="19.228"/>
  <testcase classname="testRunner.TestRun2" name="runScenario" time="14.770"/>
  <testcase classname="testRunner.TestRun2" name="runScenario" time="40.385"/>
  <testcase classname="testRunner.TestRun2" name="runScenario" time="4.650"/>
  <testcase classname="testRunner.TestRun2" name="runScenario" time="16.863"/>
  <testcase classname="testRunner.TestRun2" name="runScenario" time="36.123"/>
  <testcase classname="testRunner.TestRun2" name="runScenario" time="7.119"/>
  <testcase classname="testRunner.TestRun2" name="runScenario" time="5.247"/>
  <testcase classname="testRunner.TestRun2" name="runScenario" time="17.371"/>
</testsuite> <!-- testRunner.TestRun2 -->
